<?xml version="1.0" encoding="UTF-8"?>
<!-- Generated by org.testng.reporters.JUnitReportReporter -->
<testsuite skipped="0" hostname="GKumar" name="DateCalenderOperations.DateTest" tests="1" failures="0" timestamp="15 Mar 2018 03:17:02 GMT" time="0.030" errors="0">
  <testcase name="dateformat" time="0.030" classname="DateCalenderOperations.DateTest"/>
</testsuite> <!-- DateCalenderOperations.DateTest -->
